<?xml version="1.0" encoding="UTF-8"?>
<!-- Generated by org.testng.reporters.JUnitXMLReporter -->
<testsuite ignored="0" hostname="DESKTOP-M0PE057" failures="0" tests="4" name="Test" time="0.096" errors="0" timestamp="2022-02-02T12:57:30 IST">
  <testcase classname="MyTest.test2" name="Method1" time="0.015"/>
  <testcase classname="MyTest.test2" name="Method2" time="0.005"/>
  <testcase classname="MyTest.test1" name="Method1" time="0.001"/>
  <testcase classname="MyTest.test1" name="Method2" time="0.002"/>
</testsuite> <!-- Test -->
