<?xml version="1.0" encoding="UTF-8"?>
<testng-results ignored="0" total="2" passed="2" failed="0" skipped="0">
  <reporter-output>
  </reporter-output>
  <suite started-at="2022-02-25T15:05:53 IST" name="Default suite" finished-at="2022-02-25T15:05:53 IST" duration-ms="83">
    <groups>
    </groups>
    <test started-at="2022-02-25T15:05:53 IST" name="Default test" finished-at="2022-02-25T15:05:53 IST" duration-ms="83">
      <class name="MyTest.test1">
        <test-method signature="Method1()[pri:0, instance:MyTest.test1@932bc4a]" started-at="2022-02-25T15:05:53 IST" name="Method1" finished-at="2022-02-25T15:05:53 IST" duration-ms="18" status="PASS">
          <reporter-output>
          </reporter-output>
        </test-method> <!-- Method1 -->
        <test-method signature="Method2()[pri:0, instance:MyTest.test1@932bc4a]" started-at="2022-02-25T15:05:53 IST" name="Method2" finished-at="2022-02-25T15:05:53 IST" duration-ms="3" status="PASS">
          <reporter-output>
          </reporter-output>
        </test-method> <!-- Method2 -->
      </class> <!-- MyTest.test1 -->
    </test> <!-- Default test -->
  </suite> <!-- Default suite -->
</testng-results>
