<?xml version="1.0" encoding="UTF-8"?>
<testng-results ignored="0" total="4" passed="4" failed="0" skipped="0">
  <reporter-output>
  </reporter-output>
  <suite started-at="2022-02-02T12:57:30 IST" name="Suite" finished-at="2022-02-02T12:57:30 IST" duration-ms="96">
    <groups>
    </groups>
    <test started-at="2022-02-02T12:57:30 IST" name="Test" finished-at="2022-02-02T12:57:30 IST" duration-ms="96">
      <class name="MyTest.test1">
        <test-method signature="Method1()[pri:0, instance:MyTest.test1@429bffaa]" started-at="2022-02-02T12:57:30 IST" name="Method1" finished-at="2022-02-02T12:57:30 IST" duration-ms="1" status="PASS">
          <reporter-output>
          </reporter-output>
        </test-method> <!-- Method1 -->
        <test-method signature="Method2()[pri:0, instance:MyTest.test1@429bffaa]" started-at="2022-02-02T12:57:30 IST" name="Method2" finished-at="2022-02-02T12:57:30 IST" duration-ms="2" status="PASS">
          <reporter-output>
          </reporter-output>
        </test-method> <!-- Method2 -->
      </class> <!-- MyTest.test1 -->
      <class name="MyTest.test2">
        <test-method signature="Method1()[pri:0, instance:MyTest.test2@d29f28]" started-at="2022-02-02T12:57:30 IST" name="Method1" finished-at="2022-02-02T12:57:30 IST" duration-ms="15" status="PASS">
          <reporter-output>
          </reporter-output>
        </test-method> <!-- Method1 -->
        <test-method signature="Method2()[pri:0, instance:MyTest.test2@d29f28]" started-at="2022-02-02T12:57:30 IST" name="Method2" finished-at="2022-02-02T12:57:30 IST" duration-ms="5" status="PASS">
          <reporter-output>
          </reporter-output>
        </test-method> <!-- Method2 -->
      </class> <!-- MyTest.test2 -->
    </test> <!-- Test -->
  </suite> <!-- Suite -->
</testng-results>
